# JRE version: OpenJDK Runtime Environment (8.0_76-b03) (build 1.8.0_76-release-b03)
# Java VM: OpenJDK 64-Bit Server VM (25.76-b03 mixed mode windows-amd64 compressed oops)
Heap:
 PSYoungGen      total 56320K, used 14721K [0x00000000e0000000, 0x00000000e4a80000, 0x0000000100000000)
  eden space 49152K, 29% used [0x00000000e0000000,0x00000000e0e605e0,0x00000000e3000000)
  from space 7168K, 0% used [0x00000000e3000000,0x00000000e3000000,0x00000000e3700000)
  to   space 7168K, 0% used [0x00000000e4380000,0x00000000e4380000,0x00000000e4a80000)
 ParOldGen       total 35840K, used 15121K [0x00000000a0000000, 0x00000000a2300000, 0x00000000e0000000)
  object space 35840K, 42% used [0x00000000a0000000,0x00000000a0ec4418,0x00000000a2300000)
 Metaspace       used 35394K, capacity 36024K, committed 36528K, reserved 1081344K
  class space    used 4723K, capacity 4913K, committed 5040K, reserved 1048576K
GC Heap History (10 events):
Event: 20.145 GC heap before
{Heap before GC invocations=15 (full 1):
 PSYoungGen      total 36864K, used 31195K [0x00000000e0000000, 0x00000000e3400000, 0x0000000100000000)
  eden space 30208K, 100% used [0x00000000e0000000,0x00000000e1d80000,0x00000000e1d80000)
  from space 6656K, 14% used [0x00000000e1d80000,0x00000000e1e76f98,0x00000000e2400000)
  to   space 6656K, 0% used [0x00000000e2d80000,0x00000000e2d80000,0x00000000e3400000)
 ParOldGen       total 35840K, used 12364K [0x00000000a0000000, 0x00000000a2300000, 0x00000000e0000000)
  object space 35840K, 34% used [0x00000000a0000000,0x00000000a0c13110,0x00000000a2300000)
 Metaspace       used 27995K, capacity 28482K, committed 28848K, reserved 1075200K
  class space    used 3795K, capacity 3933K, committed 4016K, reserved 1048576K
Event: 20.148 GC heap after
Heap after GC invocations=15 (full 1):
 PSYoungGen      total 44544K, used 1152K [0x00000000e0000000, 0x00000000e3300000, 0x0000000100000000)
  eden space 38912K, 0% used [0x00000000e0000000,0x00000000e0000000,0x00000000e2600000)
  from space 5632K, 20% used [0x00000000e2d80000,0x00000000e2ea0000,0x00000000e3300000)
  to   space 6656K, 0% used [0x00000000e2600000,0x00000000e2600000,0x00000000e2c80000)
 ParOldGen       total 35840K, used 12812K [0x00000000a0000000, 0x00000000a2300000, 0x00000000e0000000)
  object space 35840K, 35% used [0x00000000a0000000,0x00000000a0c83110,0x00000000a2300000)
 Metaspace       used 27995K, capacity 28482K, committed 28848K, reserved 1075200K
  class space    used 3795K, capacity 3933K, committed 4016K, reserved 1048576K
}
Event: 23.243 GC heap before
{Heap before GC invocations=16 (full 1):
 PSYoungGen      total 44544K, used 40064K [0x00000000e0000000, 0x00000000e3300000, 0x0000000100000000)
  eden space 38912K, 100% used [0x00000000e0000000,0x00000000e2600000,0x00000000e2600000)
  from space 5632K, 20% used [0x00000000e2d80000,0x00000000e2ea0000,0x00000000e3300000)
  to   space 6656K, 0% used [0x00000000e2600000,0x00000000e2600000,0x00000000e2c80000)
 ParOldGen       total 35840K, used 12812K [0x00000000a0000000, 0x00000000a2300000, 0x00000000e0000000)
  object space 35840K, 35% used [0x00000000a0000000,0x00000000a0c83110,0x00000000a2300000)
 Metaspace       used 31177K, capacity 31712K, committed 32048K, reserved 1077248K
  class space    used 4191K, capacity 4355K, committed 4400K, reserved 1048576K
Event: 23.250 GC heap after
Heap after GC invocations=16 (full 1):
 PSYoungGen      total 45568K, used 4492K [0x00000000e0000000, 0x00000000e3e00000, 0x0000000100000000)
  eden space 38912K, 0% used [0x00000000e0000000,0x00000000e0000000,0x00000000e2600000)
  from space 6656K, 67% used [0x00000000e2600000,0x00000000e2a63338,0x00000000e2c80000)
  to   space 7168K, 0% used [0x00000000e3700000,0x00000000e3700000,0x00000000e3e00000)
 ParOldGen       total 35840K, used 12820K [0x00000000a0000000, 0x00000000a2300000, 0x00000000e0000000)
  object space 35840K, 35% used [0x00000000a0000000,0x00000000a0c85110,0x00000000a2300000)
 Metaspace       used 31177K, capacity 31712K, committed 32048K, reserved 1077248K
  class space    used 4191K, capacity 4355K, committed 4400K, reserved 1048576K
}
Event: 23.977 GC heap before
{Heap before GC invocations=17 (full 1):
 PSYoungGen      total 45568K, used 43404K [0x00000000e0000000, 0x00000000e3e00000, 0x0000000100000000)
  eden space 38912K, 100% used [0x00000000e0000000,0x00000000e2600000,0x00000000e2600000)
  from space 6656K, 67% used [0x00000000e2600000,0x00000000e2a63338,0x00000000e2c80000)
  to   space 7168K, 0% used [0x00000000e3700000,0x00000000e3700000,0x00000000e3e00000)
 ParOldGen       total 35840K, used 12820K [0x00000000a0000000, 0x00000000a2300000, 0x00000000e0000000)
  object space 35840K, 35% used [0x00000000a0000000,0x00000000a0c85110,0x00000000a2300000)
 Metaspace       used 32924K, capacity 33492K, committed 33840K, reserved 1079296K
  class space    used 4416K, capacity 4587K, committed 4656K, reserved 1048576K
Event: 23.991 GC heap after
Heap after GC invocations=17 (full 1):
 PSYoungGen      total 56320K, used 4591K [0x00000000e0000000, 0x00000000e4080000, 0x0000000100000000)
  eden space 49152K, 0% used [0x00000000e0000000,0x00000000e0000000,0x00000000e3000000)
  from space 7168K, 64% used [0x00000000e3700000,0x00000000e3b7bf20,0x00000000e3e00000)
  to   space 7168K, 0% used [0x00000000e3000000,0x00000000e3000000,0x00000000e3700000)
 ParOldGen       total 35840K, used 12828K [0x00000000a0000000, 0x00000000a2300000, 0x00000000e0000000)
  object space 35840K, 35% used [0x00000000a0000000,0x00000000a0c87110,0x00000000a2300000)
 Metaspace       used 32924K, capacity 33492K, committed 33840K, reserved 1079296K
  class space    used 4416K, capacity 4587K, committed 4656K, reserved 1048576K
}
Event: 24.435 GC heap before
{Heap before GC invocations=18 (full 1):
 PSYoungGen      total 56320K, used 23182K [0x00000000e0000000, 0x00000000e4080000, 0x0000000100000000)
  eden space 49152K, 37% used [0x00000000e0000000,0x00000000e12278f0,0x00000000e3000000)
  from space 7168K, 64% used [0x00000000e3700000,0x00000000e3b7bf20,0x00000000e3e00000)
  to   space 7168K, 0% used [0x00000000e3000000,0x00000000e3000000,0x00000000e3700000)
 ParOldGen       total 35840K, used 12828K [0x00000000a0000000, 0x00000000a2300000, 0x00000000e0000000)
  object space 35840K, 35% used [0x00000000a0000000,0x00000000a0c87110,0x00000000a2300000)
 Metaspace       used 34560K, capacity 35160K, committed 35496K, reserved 1079296K
  class space    used 4634K, capacity 4817K, committed 4912K, reserved 1048576K
Event: 24.447 GC heap after
Heap after GC invocations=18 (full 1):
 PSYoungGen      total 56320K, used 3648K [0x00000000e0000000, 0x00000000e4a80000, 0x0000000100000000)
  eden space 49152K, 0% used [0x00000000e0000000,0x00000000e0000000,0x00000000e3000000)
  from space 7168K, 50% used [0x00000000e3000000,0x00000000e3390328,0x00000000e3700000)
  to   space 7168K, 0% used [0x00000000e4380000,0x00000000e4380000,0x00000000e4a80000)
 ParOldGen       total 35840K, used 14616K [0x00000000a0000000, 0x00000000a2300000, 0x00000000e0000000)
  object space 35840K, 40% used [0x00000000a0000000,0x00000000a0e46140,0x00000000a2300000)
 Metaspace       used 34560K, capacity 35160K, committed 35496K, reserved 1079296K
  class space    used 4634K, capacity 4817K, committed 4912K, reserved 1048576K
}
Event: 24.447 GC heap before
{Heap before GC invocations=19 (full 2):
 PSYoungGen      total 56320K, used 3648K [0x00000000e0000000, 0x00000000e4a80000, 0x0000000100000000)
  eden space 49152K, 0% used [0x00000000e0000000,0x00000000e0000000,0x00000000e3000000)
  from space 7168K, 50% used [0x00000000e3000000,0x00000000e3390328,0x00000000e3700000)
  to   space 7168K, 0% used [0x00000000e4380000,0x00000000e4380000,0x00000000e4a80000)
 ParOldGen       total 35840K, used 14616K [0x00000000a0000000, 0x00000000a2300000, 0x00000000e0000000)
  object space 35840K, 40% used [0x00000000a0000000,0x00000000a0e46140,0x00000000a2300000)
 Metaspace       used 34560K, capacity 35160K, committed 35496K, reserved 1079296K
  class space    used 4634K, capacity 4817K, committed 4912K, reserved 1048576K
Event: 24.549 GC heap after
Heap after GC invocations=19 (full 2):
 PSYoungGen      total 56320K, used 0K [0x00000000e0000000, 0x00000000e4a80000, 0x0000000100000000)
  eden space 49152K, 0% used [0x00000000e0000000,0x00000000e0000000,0x00000000e3000000)
  from space 7168K, 0% used [0x00000000e3000000,0x00000000e3000000,0x00000000e3700000)
  to   space 7168K, 0% used [0x00000000e4380000,0x00000000e4380000,0x00000000e4a80000)
 ParOldGen       total 35840K, used 15121K [0x00000000a0000000, 0x00000000a2300000, 0x00000000e0000000)
  object space 35840K, 42% used [0x00000000a0000000,0x00000000a0ec4418,0x00000000a2300000)
 Metaspace       used 34560K, capacity 35160K, committed 35496K, reserved 1079296K
  class space    used 4634K, capacity 4817K, committed 4912K, reserved 1048576K
}

