# JRE version: OpenJDK Runtime Environment (8.0_76-b03) (build 1.8.0_76-release-b03)
# Java VM: OpenJDK 64-Bit Server VM (25.76-b03 mixed mode windows-amd64 compressed oops)
Heap:
 PSYoungGen      total 168960K, used 82930K [0x00000000e0000000, 0x00000000ed900000, 0x0000000100000000)
  eden space 147456K, 51% used [0x00000000e0000000,0x00000000e4a279a0,0x00000000e9000000)
  from space 21504K, 32% used [0x00000000ea480000,0x00000000eab551f0,0x00000000eb980000)
  to   space 20992K, 0% used [0x00000000e9000000,0x00000000e9000000,0x00000000ea480000)
 ParOldGen       total 57856K, used 40299K [0x00000000a0000000, 0x00000000a3880000, 0x00000000e0000000)
  object space 57856K, 69% used [0x00000000a0000000,0x00000000a275ae00,0x00000000a3880000)
 Metaspace       used 55395K, capacity 57702K, committed 58032K, reserved 1099776K
  class space    used 7515K, capacity 8024K, committed 8112K, reserved 1048576K
GC Heap History (10 events):
Event: 33.508 GC heap before
{Heap before GC invocations=13 (full 2):
 PSYoungGen      total 121344K, used 110080K [0x00000000e0000000, 0x00000000e8780000, 0x0000000100000000)
  eden space 110080K, 100% used [0x00000000e0000000,0x00000000e6b80000,0x00000000e6b80000)
  from space 11264K, 0% used [0x00000000e7680000,0x00000000e7680000,0x00000000e8180000)
  to   space 11264K, 0% used [0x00000000e6b80000,0x00000000e6b80000,0x00000000e7680000)
 ParOldGen       total 57856K, used 15803K [0x00000000a0000000, 0x00000000a3880000, 0x00000000e0000000)
  object space 57856K, 27% used [0x00000000a0000000,0x00000000a0f6eee0,0x00000000a3880000)
 Metaspace       used 43897K, capacity 44974K, committed 45104K, reserved 1087488K
  class space    used 5876K, capacity 6129K, committed 6192K, reserved 1048576K
Event: 33.552 GC heap after
Heap after GC invocations=13 (full 2):
 PSYoungGen      total 121344K, used 11261K [0x00000000e0000000, 0x00000000ea580000, 0x0000000100000000)
  eden space 110080K, 0% used [0x00000000e0000000,0x00000000e0000000,0x00000000e6b80000)
  from space 11264K, 99% used [0x00000000e6b80000,0x00000000e767f748,0x00000000e7680000)
  to   space 12800K, 0% used [0x00000000e9900000,0x00000000e9900000,0x00000000ea580000)
 ParOldGen       total 57856K, used 16111K [0x00000000a0000000, 0x00000000a3880000, 0x00000000e0000000)
  object space 57856K, 27% used [0x00000000a0000000,0x00000000a0fbbd70,0x00000000a3880000)
 Metaspace       used 43897K, capacity 44974K, committed 45104K, reserved 1087488K
  class space    used 5876K, capacity 6129K, committed 6192K, reserved 1048576K
}
Event: 36.608 GC heap before
{Heap before GC invocations=14 (full 2):
 PSYoungGen      total 121344K, used 121341K [0x00000000e0000000, 0x00000000ea580000, 0x0000000100000000)
  eden space 110080K, 100% used [0x00000000e0000000,0x00000000e6b80000,0x00000000e6b80000)
  from space 11264K, 99% used [0x00000000e6b80000,0x00000000e767f748,0x00000000e7680000)
  to   space 12800K, 0% used [0x00000000e9900000,0x00000000e9900000,0x00000000ea580000)
 ParOldGen       total 57856K, used 16111K [0x00000000a0000000, 0x00000000a3880000, 0x00000000e0000000)
  object space 57856K, 27% used [0x00000000a0000000,0x00000000a0fbbd70,0x00000000a3880000)
 Metaspace       used 49609K, capacity 51060K, committed 51120K, reserved 1093632K
  class space    used 6726K, capacity 7056K, committed 7088K, reserved 1048576K
Event: 36.682 GC heap after
Heap after GC invocations=14 (full 2):
 PSYoungGen      total 152064K, used 12788K [0x00000000e0000000, 0x00000000eb180000, 0x0000000100000000)
  eden space 139264K, 0% used [0x00000000e0000000,0x00000000e0000000,0x00000000e8800000)
  from space 12800K, 99% used [0x00000000e9900000,0x00000000ea57d368,0x00000000ea580000)
  to   space 17408K, 0% used [0x00000000e8800000,0x00000000e8800000,0x00000000e9900000)
 ParOldGen       total 57856K, used 23456K [0x00000000a0000000, 0x00000000a3880000, 0x00000000e0000000)
  object space 57856K, 40% used [0x00000000a0000000,0x00000000a16e8008,0x00000000a3880000)
 Metaspace       used 49609K, capacity 51060K, committed 51120K, reserved 1093632K
  class space    used 6726K, capacity 7056K, committed 7088K, reserved 1048576K
}
Event: 38.927 GC heap before
{Heap before GC invocations=15 (full 2):
 PSYoungGen      total 152064K, used 80434K [0x00000000e0000000, 0x00000000eb180000, 0x0000000100000000)
  eden space 139264K, 48% used [0x00000000e0000000,0x00000000e420f7d8,0x00000000e8800000)
  from space 12800K, 99% used [0x00000000e9900000,0x00000000ea57d368,0x00000000ea580000)
  to   space 17408K, 0% used [0x00000000e8800000,0x00000000e8800000,0x00000000e9900000)
 ParOldGen       total 57856K, used 23456K [0x00000000a0000000, 0x00000000a3880000, 0x00000000e0000000)
  object space 57856K, 40% used [0x00000000a0000000,0x00000000a16e8008,0x00000000a3880000)
 Metaspace       used 51652K, capacity 53606K, committed 53680K, reserved 1095680K
  class space    used 7090K, capacity 7542K, committed 7600K, reserved 1048576K
Event: 38.983 GC heap after
Heap after GC invocations=15 (full 2):
 PSYoungGen      total 156672K, used 17403K [0x00000000e0000000, 0x00000000eb980000, 0x0000000100000000)
  eden space 139264K, 0% used [0x00000000e0000000,0x00000000e0000000,0x00000000e8800000)
  from space 17408K, 99% used [0x00000000e8800000,0x00000000e98feff8,0x00000000e9900000)
  to   space 21504K, 0% used [0x00000000ea480000,0x00000000ea480000,0x00000000eb980000)
 ParOldGen       total 57856K, used 28532K [0x00000000a0000000, 0x00000000a3880000, 0x00000000e0000000)
  object space 57856K, 49% used [0x00000000a0000000,0x00000000a1bdd0c8,0x00000000a3880000)
 Metaspace       used 51652K, capacity 53606K, committed 53680K, reserved 1095680K
  class space    used 7090K, capacity 7542K, committed 7600K, reserved 1048576K
}
Event: 38.983 GC heap before
{Heap before GC invocations=16 (full 3):
 PSYoungGen      total 156672K, used 17403K [0x00000000e0000000, 0x00000000eb980000, 0x0000000100000000)
  eden space 139264K, 0% used [0x00000000e0000000,0x00000000e0000000,0x00000000e8800000)
  from space 17408K, 99% used [0x00000000e8800000,0x00000000e98feff8,0x00000000e9900000)
  to   space 21504K, 0% used [0x00000000ea480000,0x00000000ea480000,0x00000000eb980000)
 ParOldGen       total 57856K, used 28532K [0x00000000a0000000, 0x00000000a3880000, 0x00000000e0000000)
  object space 57856K, 49% used [0x00000000a0000000,0x00000000a1bdd0c8,0x00000000a3880000)
 Metaspace       used 51652K, capacity 53606K, committed 53680K, reserved 1095680K
  class space    used 7090K, capacity 7542K, committed 7600K, reserved 1048576K
Event: 39.420 GC heap after
Heap after GC invocations=16 (full 3):
 PSYoungGen      total 156672K, used 0K [0x00000000e0000000, 0x00000000eb980000, 0x0000000100000000)
  eden space 139264K, 0% used [0x00000000e0000000,0x00000000e0000000,0x00000000e8800000)
  from space 17408K, 0% used [0x00000000e8800000,0x00000000e8800000,0x00000000e9900000)
  to   space 21504K, 0% used [0x00000000ea480000,0x00000000ea480000,0x00000000eb980000)
 ParOldGen       total 57856K, used 40291K [0x00000000a0000000, 0x00000000a3880000, 0x00000000e0000000)
  object space 57856K, 69% used [0x00000000a0000000,0x00000000a2758e00,0x00000000a3880000)
 Metaspace       used 51652K, capacity 53606K, committed 53680K, reserved 1095680K
  class space    used 7090K, capacity 7542K, committed 7600K, reserved 1048576K
}
Event: 59.772 GC heap before
{Heap before GC invocations=17 (full 3):
 PSYoungGen      total 156672K, used 139264K [0x00000000e0000000, 0x00000000eb980000, 0x0000000100000000)
  eden space 139264K, 100% used [0x00000000e0000000,0x00000000e8800000,0x00000000e8800000)
  from space 17408K, 0% used [0x00000000e8800000,0x00000000e8800000,0x00000000e9900000)
  to   space 21504K, 0% used [0x00000000ea480000,0x00000000ea480000,0x00000000eb980000)
 ParOldGen       total 57856K, used 40291K [0x00000000a0000000, 0x00000000a3880000, 0x00000000e0000000)
  object space 57856K, 69% used [0x00000000a0000000,0x00000000a2758e00,0x00000000a3880000)
 Metaspace       used 54475K, capacity 56594K, committed 56880K, reserved 1097728K
  class space    used 7388K, capacity 7876K, committed 7984K, reserved 1048576K
Event: 59.784 GC heap after
Heap after GC invocations=17 (full 3):
 PSYoungGen      total 168960K, used 6996K [0x00000000e0000000, 0x00000000ed900000, 0x0000000100000000)
  eden space 147456K, 0% used [0x00000000e0000000,0x00000000e0000000,0x00000000e9000000)
  from space 21504K, 32% used [0x00000000ea480000,0x00000000eab551f0,0x00000000eb980000)
  to   space 20992K, 0% used [0x00000000e9000000,0x00000000e9000000,0x00000000ea480000)
 ParOldGen       total 57856K, used 40299K [0x00000000a0000000, 0x00000000a3880000, 0x00000000e0000000)
  object space 57856K, 69% used [0x00000000a0000000,0x00000000a275ae00,0x00000000a3880000)
 Metaspace       used 54475K, capacity 56594K, committed 56880K, reserved 1097728K
  class space    used 7388K, capacity 7876K, committed 7984K, reserved 1048576K
}

